<?xml version="1.0" encoding="UTF-8"?>
<!-- Generated by org.testng.reporters.JUnitReportReporter -->
<testsuite hostname="HYD-JRYH7G3-L" failures="0" tests="1" name="cucumber.TestNGTestRunner" time="23.294" errors="0" timestamp="08 Aug 2023 01:53:58 GMT" skipped="0">
  <testcase classname="cucumber.TestNGTestRunner" name="runScenario" time="23.294"/>
</testsuite> <!-- cucumber.TestNGTestRunner -->
