<?xml version="1.0" encoding="UTF-8"?>
<!-- Generated by org.testng.reporters.JUnitReportReporter -->
<testsuite hostname="HYD-JRYH7G3-L" failures="0" tests="2" name="rahulshettyacademy.test.ErrorValidations" time="18.130" errors="0" timestamp="30 Jul 2023 16:04:37 GMT" skipped="0">
  <testcase classname="rahulshettyacademy.test.ErrorValidations" name="loginErrorValidation" time="2.849"/>
  <testcase classname="rahulshettyacademy.test.ErrorValidations" name="productErrorValidation" time="15.281"/>
</testsuite> <!-- rahulshettyacademy.test.ErrorValidations -->
