<?xml version="1.0" encoding="UTF-8"?>
<!-- Generated by org.testng.reporters.JUnitReportReporter -->
<testsuite skipped="0" hostname="HYD-JRYH7G3-L" name="cucumber.TestNGTestRunner" tests="1" failures="0" timestamp="08 Aug 2023 01:52:26 GMT" time="24.429" errors="0">
  <testcase name="runScenario" time="24.429" classname="cucumber.TestNGTestRunner"/>
</testsuite> <!-- cucumber.TestNGTestRunner -->
