<?xml version="1.0" encoding="UTF-8"?>
<!-- Generated by org.testng.reporters.JUnitReportReporter -->
<testsuite skipped="0" hostname="HYD-JRYH7G3-L" name="rahulshettyacademy.test.SubmitOrderTest" tests="2" failures="0" timestamp="05 Aug 2023 14:49:47 GMT" time="46.390" errors="0">
  <testcase name="submitOrder" time="24.582" classname="rahulshettyacademy.test.SubmitOrderTest"/>
  <testcase name="submitOrder" time="21.808" classname="rahulshettyacademy.test.SubmitOrderTest"/>
</testsuite> <!-- rahulshettyacademy.test.SubmitOrderTest -->
